<?xml version="1.0" encoding="UTF-8"?>
<testng-results ignored="0" total="1" passed="1" failed="0" skipped="0">
  <reporter-output>
  </reporter-output>
  <suite started-at="2023-09-29T18:34:30 IST" name="Default suite" finished-at="2023-09-29T18:34:43 IST" duration-ms="13148">
    <groups>
    </groups>
    <test started-at="2023-09-29T18:34:30 IST" name="Default test" finished-at="2023-09-29T18:34:43 IST" duration-ms="13148">
      <class name="com.alohaTechnology.test.ScrappedDataTest">
        <test-method is-config="true" signature="webdriverInit()[pri:0, instance:com.alohaTechnology.test.ScrappedDataTest@333291e3]" started-at="2023-09-29T18:34:30 IST" name="webdriverInit" finished-at="2023-09-29T18:34:32 IST" duration-ms="2241" status="PASS">
          <reporter-output>
          </reporter-output>
        </test-method> <!-- webdriverInit -->
        <test-method signature="writeCSVScrappedData()[pri:0, instance:com.alohaTechnology.test.ScrappedDataTest@333291e3]" started-at="2023-09-29T18:34:32 IST" name="writeCSVScrappedData" finished-at="2023-09-29T18:34:42 IST" duration-ms="10092" status="PASS">
          <reporter-output>
          </reporter-output>
        </test-method> <!-- writeCSVScrappedData -->
        <test-method is-config="true" signature="tearDown()[pri:0, instance:com.alohaTechnology.test.ScrappedDataTest@333291e3]" started-at="2023-09-29T18:34:43 IST" name="tearDown" finished-at="2023-09-29T18:34:43 IST" duration-ms="739" status="PASS">
          <reporter-output>
          </reporter-output>
        </test-method> <!-- tearDown -->
      </class> <!-- com.alohaTechnology.test.ScrappedDataTest -->
    </test> <!-- Default test -->
  </suite> <!-- Default suite -->
</testng-results>
